<?xml version="1.0" encoding="UTF-8"?>
<testng-results skipped="0" failed="0" total="1" passed="1">
  <reporter-output>
  </reporter-output>
  <suite name="Default suite" duration-ms="309214" started-at="2015-07-24T12:40:33Z" finished-at="2015-07-24T12:45:42Z">
    <groups>
    </groups>
    <test name="Default test" duration-ms="309214" started-at="2015-07-24T12:40:33Z" finished-at="2015-07-24T12:45:42Z">
      <class name="Batch.MasterScript">
        <test-method status="PASS" signature="fnTestMain()[pri:0, instance:Batch.MasterScript@8811c52]" name="fnTestMain" duration-ms="309185" started-at="2015-07-24T18:10:33Z" finished-at="2015-07-24T18:15:42Z">
          <reporter-output>
          </reporter-output>
        </test-method> <!-- fnTestMain -->
      </class> <!-- Batch.MasterScript -->
    </test> <!-- Default test -->
  </suite> <!-- Default suite -->
</testng-results>
