<?xml version="1.0" encoding="UTF-8"?>
<testng-results skipped="0" failed="0" total="1" passed="1">
  <reporter-output>
  </reporter-output>
  <suite name="Default suite" duration-ms="369761" started-at="2015-08-05T13:17:03Z" finished-at="2015-08-05T13:23:13Z">
    <groups>
    </groups>
    <test name="Default test" duration-ms="369761" started-at="2015-08-05T13:17:03Z" finished-at="2015-08-05T13:23:13Z">
      <class name="Batch.MasterScript">
        <test-method status="PASS" signature="fnTestMain()[pri:0, instance:Batch.MasterScript@130d19a9]" name="fnTestMain" duration-ms="369737" started-at="2015-08-05T18:47:03Z" finished-at="2015-08-05T18:53:13Z">
          <reporter-output>
          </reporter-output>
        </test-method> <!-- fnTestMain -->
      </class> <!-- Batch.MasterScript -->
    </test> <!-- Default test -->
  </suite> <!-- Default suite -->
</testng-results>
